andlytics,b51b0fb076ef904e42b0a058c5e1154ab0d274fd,66f86adc001cf967f100723123e88c759c581de2,333f8574a057a01148d58f3079670bf17ef98ef7
AntennaPod,e58922fad08bedf4bfe86025d836abdeae49a806,cdd9a0dfdeef8d319063f844fce1e1722f7d9529,a482899eef4a0a7ada979ba0c87b19e91c2f49f1
antlr4,00eb4f89cafd323490dfe733623185609367ffab,33fd1804ffd703b27d8a61b94fced93a8f4e2fac,5778570faf523bae1150395cd6c6bf9b11be845b
BroadleafCommerce,2281ce2e86ad642dc699ad2e429d45fa6c258740,32e0d2c0a6eaf9599b4b7e7eba1245b0e1207433,c78642de94a937abd0186c80221ba527283004f4
cassandra,64ed6b120afee5bf6f777334fbf9dfb9561f6bd1,17279c7db30b88ee90aed713addec9fa5134d2c1,7f5636cfa69149cea784fc064c5285ea936c4389
cgeo,de8c6d044c06d8d3da5d309202c35f1321431ea0,35342b286d745fcab9abbf3d0ed1998c10645dc7,f86200e29c17530aee7bc0e9f956129485d467cb
Conversations,1665f2e1b3869f89e720051843812ba691d1ee8c,2bddcc9f997e5b1e565478e99c55488c86a85e76,bfcba9169d106fb082857e0ba4eaef7ee3df0782
groovy-core,6b05dfc4b8595c35d83d34796949dd5d68bba23f,543f54fc2f4fdf55fc06eb326ceeaca97298932c,0e7864df4df42c12cb750441df6be3b5448fc80c
k-9,3e03120a7327b4c44620b19cdcb9a49911681128,2261edcfb4e8fb93d848e7cfbabdb70d66f62231,1b1e8e4850683c5902582683ab29f56c3c7df475
kotlin,b75354f4b968037946c4f7b7660f6c11ed0d97db,797f9fcc562dc11cc3e450b2f52ee36b2057a384,63aecd285e982178807df2a9f61afc7488878957
OG-Platform,af8931be91452ad0ab812978c84234a9473b54f5,06ef6d4d27d135f7800c059ce14d7a147a90da89,3221ae324a9afe49b8231b46616664ddad05c38e
netty,ef4ee498006384016717c30bce43116d7f65e9de,326b88c43005f9b295f305b59d8ae43fc7f09410,6d39c342b636362a2068e6644cc9451182cc03a9
okhttp,a4d21865fb791e605c1d9c06e7248b7e9a402084,bfac340626520863aeaeb079dee1dcf3769de2f6,1b571d04e13cad0be897079853ef8324a76e22ce
OpenRefine,f92ecfb71572af13b1753e625b0d7260c853064c,e3fc7ab6032abb393dd35eefbce81939cff6d756,ecca18f5ae50aef878dae67c41e4a59d68fcf617
OpenTripPlanner,651879fe5d8e2250ba20425d7562c0a2e48d4c7d,2c58919b39e383bf793bdf14f16ed8275364b0f4,7e7510f37ec6d698302cff5d9aa358f03f5eac37
Osmand,cdc02ab8999ec45b624a88b203fc590c9ab33b44,6b959dd7a9ef5dfc5fef681e8a0146a0ae4973e0,8ceaed067cb3fff201bed6c8358a6b95434640a2
realm-java,e0c2555dc3b25ac42317b7b00294648122e5b5a0,54bf93f76e6239b908cae70cb1b426e44704e4b3,620922fff1567b557b2204257136eac06c1e24ba
roboguice,ffa3ffc5e6feb953b65f61dd45b268d8c03e3045,b78ce0f5874112700c6ceb8748e1a4b5eca0db70,1c3a9fcfca3d18fcdacc8b205d50f3d495014f88
rstudio,58b65a6aa169c375809fd6220d5d9b39da8cc6be,5eeec1237633d81e9bf67d7720aa1cdeaa1b9c4c,cf52cc0b6945a491697f53b1b75b4c5e4c2266d5
Spout,8a441ea0eacb4c6ff42b4bda306e94db5d6fa1a0,d39be4ed65b046f3b2395e063b0e594b15f6bc1e,33200ba6e06b9cf4caa9599ab25cf6c9bc603013
voldemort,9551750fea6b63e2b10112748bf46418bb5d9a87,c3972b6ab375dba5a4cea2876738e3db9492cbbf,50f243fb50086f2b0c20e3b3c27bc599fbd9cb74
